<?xml version="1.0" encoding="UTF-8"?>
<testng-results ignored="0" total="3" passed="2" failed="1" skipped="0">
  <reporter-output>
  </reporter-output>
<<<<<<< HEAD
  <suite started-at="2025-07-16T15:15:52 IST" name="Default suite" finished-at="2025-07-16T15:17:06 IST" duration-ms="73982">
=======
  <suite started-at="2025-07-16T15:25:03 IST" name="Default suite" finished-at="2025-07-16T15:26:01 IST" duration-ms="58051">
>>>>>>> bc7ad0f6add879a5930f2ec399fcb1c94175382e
    <groups>
      <group name="cucumber">
        <method signature="AbstractTestNGCucumberTests.runScenario(io.cucumber.testng.PickleWrapper,io.cucumber.testng.FeatureWrapper)[pri:0, instance:com.TestNg.TestNGRunner@682b2fa]" name="runScenario" class="io.cucumber.testng.AbstractTestNGCucumberTests"/>
      </group> <!-- cucumber -->
    </groups>
<<<<<<< HEAD
    <test started-at="2025-07-16T15:15:52 IST" name="Default test" finished-at="2025-07-16T15:17:06 IST" duration-ms="73982">
      <class name="com.TestNg.TestNGRunner">
        <test-method is-config="true" signature="setUpClass(org.testng.ITestContext)[pri:0, instance:com.TestNg.TestNGRunner@682b2fa]" started-at="2025-07-16T15:15:52 IST" name="setUpClass" finished-at="2025-07-16T15:15:52 IST" duration-ms="235" status="PASS">
          <params>
            <param index="0">
              <value>
                <![CDATA[org.testng.TestRunner@2629d5dc]]>
=======
    <test started-at="2025-07-16T15:25:03 IST" name="Default test" finished-at="2025-07-16T15:26:01 IST" duration-ms="58051">
      <class name="com.TestNg.TestNGRunner">
        <test-method is-config="true" signature="setUpClass(org.testng.ITestContext)[pri:0, instance:com.TestNg.TestNGRunner@1165b38]" started-at="2025-07-16T15:25:03 IST" name="setUpClass" finished-at="2025-07-16T15:25:03 IST" duration-ms="172" status="PASS">
          <params>
            <param index="0">
              <value>
                <![CDATA[org.testng.TestRunner@662e682a]]>
>>>>>>> bc7ad0f6add879a5930f2ec399fcb1c94175382e
              </value>
            </param>
          </params>
          <reporter-output>
          </reporter-output>
        </test-method> <!-- setUpClass -->
<<<<<<< HEAD
        <test-method signature="runScenario(io.cucumber.testng.PickleWrapper,io.cucumber.testng.FeatureWrapper)[pri:0, instance:com.TestNg.TestNGRunner@682b2fa]" started-at="2025-07-16T15:15:52 IST" name="runScenario" description="Runs Cucumber Scenarios" data-provider="scenarios" finished-at="2025-07-16T15:16:14 IST" duration-ms="21606" status="FAIL">
=======
        <test-method signature="runScenario(io.cucumber.testng.PickleWrapper,io.cucumber.testng.FeatureWrapper)[pri:0, instance:com.TestNg.TestNGRunner@1165b38]" started-at="2025-07-16T15:25:03 IST" name="runScenario" description="Runs Cucumber Scenarios" data-provider="scenarios" finished-at="2025-07-16T15:25:30 IST" duration-ms="26486" status="PASS">
>>>>>>> bc7ad0f6add879a5930f2ec399fcb1c94175382e
          <params>
            <param index="0">
              <value>
                <![CDATA["Search WebDevelopment and retrieve info of first two course card"]]>
              </value>
            </param>
            <param index="1">
              <value>
                <![CDATA["Coursera Website Automation"]]>
              </value>
            </param>
          </params>
<<<<<<< HEAD
          <exception class="java.lang.IndexOutOfBoundsException">
            <message>
              <![CDATA[Index 0 out of bounds for length 0]]>
            </message>
            <full-stacktrace>
              <![CDATA[java.lang.IndexOutOfBoundsException: Index 0 out of bounds for length 0
at java.base/jdk.internal.util.Preconditions.outOfBounds(Preconditions.java:100)
at java.base/jdk.internal.util.Preconditions.outOfBoundsCheckIndex(Preconditions.java:106)
at java.base/jdk.internal.util.Preconditions.checkIndex(Preconditions.java:302)
at java.base/java.util.Objects.checkIndex(Objects.java:385)
at java.base/java.util.ArrayList.get(ArrayList.java:427)
at java.base/jdk.internal.reflect.DirectMethodHandleAccessor.invoke(DirectMethodHandleAccessor.java:103)
at java.base/java.lang.reflect.Method.invoke(Method.java:580)
at org.openqa.selenium.support.pagefactory.internal.LocatingElementListHandler.invoke(LocatingElementListHandler.java:39)
at jdk.proxy2/jdk.proxy2.$Proxy23.get(Unknown Source)
at com.CTS.Pges.WebDevelopmentPage.printingTheDesiredResult(WebDevelopmentPage.java:90)
at com.Cognizant.cucumber.steps.StepDefinationFile.verifyIfableToRetrieveIfoOfFirstTwoCards(StepDefinationFile.java:52)
at ✽.I should retrieve details of the first two course cards(file:///C:/Users/2408354/git/Team_ChatureBhature_IdentifyCourses/IdentifyCourses.Coursera.org/src/test/resources/Feature/Coursera.feature:6)
]]>
            </full-stacktrace>
          </exception> <!-- java.lang.IndexOutOfBoundsException -->
          <reporter-output>
          </reporter-output>
        </test-method> <!-- runScenario -->
        <test-method signature="runScenario(io.cucumber.testng.PickleWrapper,io.cucumber.testng.FeatureWrapper)[pri:0, instance:com.TestNg.TestNGRunner@682b2fa]" started-at="2025-07-16T15:16:14 IST" name="runScenario" description="Runs Cucumber Scenarios" data-provider="scenarios" finished-at="2025-07-16T15:16:40 IST" duration-ms="25942" status="PASS">
=======
          <reporter-output>
          </reporter-output>
        </test-method> <!-- runScenario -->
        <test-method signature="runScenario(io.cucumber.testng.PickleWrapper,io.cucumber.testng.FeatureWrapper)[pri:0, instance:com.TestNg.TestNGRunner@1165b38]" started-at="2025-07-16T15:25:30 IST" name="runScenario" description="Runs Cucumber Scenarios" data-provider="scenarios" finished-at="2025-07-16T15:25:53 IST" duration-ms="23549" status="PASS">
>>>>>>> bc7ad0f6add879a5930f2ec399fcb1c94175382e
          <params>
            <param index="0">
              <value>
                <![CDATA["Search Language Learning and get all languages"]]>
              </value>
            </param>
            <param index="1">
              <value>
                <![CDATA["Coursera Website Automation"]]>
              </value>
            </param>
          </params>
          <reporter-output>
          </reporter-output>
        </test-method> <!-- runScenario -->
<<<<<<< HEAD
        <test-method signature="runScenario(io.cucumber.testng.PickleWrapper,io.cucumber.testng.FeatureWrapper)[pri:0, instance:com.TestNg.TestNGRunner@682b2fa]" started-at="2025-07-16T15:16:40 IST" name="runScenario" description="Runs Cucumber Scenarios" data-provider="scenarios" finished-at="2025-07-16T15:17:06 IST" duration-ms="26141" status="FAIL">
=======
        <test-method signature="runScenario(io.cucumber.testng.PickleWrapper,io.cucumber.testng.FeatureWrapper)[pri:0, instance:com.TestNg.TestNGRunner@1165b38]" started-at="2025-07-16T15:25:53 IST" name="runScenario" description="Runs Cucumber Scenarios" data-provider="scenarios" finished-at="2025-07-16T15:26:01 IST" duration-ms="7800" status="FAIL">
>>>>>>> bc7ad0f6add879a5930f2ec399fcb1c94175382e
          <params>
            <param index="0">
              <value>
                <![CDATA["Submit invalid form on Coursera.org For Enterprise page"]]>
              </value>
            </param>
            <param index="1">
              <value>
                <![CDATA["Coursera Website Automation"]]>
              </value>
            </param>
          </params>
          <exception class="io.cucumber.testng.UndefinedStepException">
            <message>
<<<<<<< HEAD
              <![CDATA[The step 'I fill the contact form with invalid details like firstName, lastName, email, phoneNo, title, name' is undefined.
You can implement this step using the snippet(s) below:

@When("I fill the contact form with invalid details like firstName, lastName, email, phoneNo, title, name")
public void i_fill_the_contact_form_with_invalid_details_like_first_name_last_name_email_phone_no_title_name() {
    // Write code here that turns the phrase above into concrete actions
    throw new io.cucumber.java.PendingException();
}
]]>
            </message>
            <full-stacktrace>
              <![CDATA[io.cucumber.testng.UndefinedStepException: The step 'I fill the contact form with invalid details like firstName, lastName, email, phoneNo, title, name' is undefined.
You can implement this step using the snippet(s) below:

@When("I fill the contact form with invalid details like firstName, lastName, email, phoneNo, title, name")
public void i_fill_the_contact_form_with_invalid_details_like_first_name_last_name_email_phone_no_title_name() {
    // Write code here that turns the phrase above into concrete actions
    throw new io.cucumber.java.PendingException();
}

at ✽.I fill the contact form with invalid details like firstName, lastName, email, phoneNo, title, name(file:///C:/Users/2408354/git/Team_ChatureBhature_IdentifyCourses/IdentifyCourses.Coursera.org/src/test/resources/Feature/Coursera.feature:16)
=======
              <![CDATA[element click intercepted: Element <a data-click-key="front_page.front_page_story.click.seo_directory_link" data-click-value="{&quot;href&quot;:&quot;/business?utm_campaign=website&amp;utm_content=corp-to-home-footer-for-enterprise&amp;utm_medium=coursera&amp;utm_source=enterprise&quot;,&quot;namespace&quot;:{&quot;action&quot;:&quot;click&quot;,&quot;app&quot;:&quot;front_page&quot;,&quot;component&quot;:&quot;seo_directory_link&quot;,&quot;page&quot;:&quot;front_page_story&quot;},&quot;schema_type&quot;:&quot;FRONTEND&quot;}" data-track="true" data-track-app="front_page" data-track-page="front_page_story" data-track-action="click" data-track-component="seo_directory_link" data-track-href="/business?utm_campaign=website&amp;utm_content=corp-to-home-footer-for-enterprise&amp;utm_medium=coursera&amp;utm_source=enterprise" href="/business?utm_campaign=website&amp;utm_content=corp-to-home-footer-for-enterprise&amp;utm_medium=coursera&amp;utm_source=enterprise" to="/business?utm_campaign=website&amp;utm_content=corp-to-home-footer-for-enterprise&amp;utm_medium=coursera&amp;utm_source=enterprise" class="rc-SubFooterSection__content-column-link-text">...</a> is not clickable at point (93, 108). Other element would receive the click: <div class="cds-9 css-1gryyec cds-10 cds-11 cds-grid-item cds-18">...</div>
  (Session info: chrome=137.0.7151.69)
Build info: version: '4.34.0', revision: '707dcb4246*'
System info: os.name: 'Windows 11', os.arch: 'amd64', os.version: '10.0', java.version: '21'
Driver info: org.openqa.selenium.chrome.ChromeDriver
Command: [1ab580bbd488421ab014e0e7a8159316, clickElement {id=f.7487926F4A53C9F99DCD220F45AB23F2.d.513F81DE15551A7142B3E401774ECC6D.e.33}]
Capabilities {acceptInsecureCerts: false, browserName: chrome, browserVersion: 137.0.7151.69, chrome: {chromedriverVersion: 137.0.7151.119 (e0ac9d12dff..., userDataDir: C:\Users\2408293\AppData\Lo...}, fedcm:accounts: true, goog:chromeOptions: {debuggerAddress: localhost:50600}, networkConnectionEnabled: false, pageLoadStrategy: normal, platformName: windows, proxy: Proxy(), se:cdp: ws://localhost:50600/devtoo..., se:cdpVersion: 137.0.7151.69, setWindowRect: true, strictFileInteractability: false, timeouts: {implicit: 0, pageLoad: 300000, script: 30000}, unhandledPromptBehavior: dismiss and notify, webauthn:extension:credBlob: true, webauthn:extension:largeBlob: true, webauthn:extension:minPinLength: true, webauthn:extension:prf: true, webauthn:virtualAuthenticators: true}
Element: [[ChromeDriver: chrome on windows (1ab580bbd488421ab014e0e7a8159316)] -> xpath: //a[contains(text(),'For Enterprise')]]
Session ID: 1ab580bbd488421ab014e0e7a8159316]]>
            </message>
            <full-stacktrace>
              <![CDATA[org.openqa.selenium.ElementClickInterceptedException: element click intercepted: Element <a data-click-key="front_page.front_page_story.click.seo_directory_link" data-click-value="{&quot;href&quot;:&quot;/business?utm_campaign=website&amp;utm_content=corp-to-home-footer-for-enterprise&amp;utm_medium=coursera&amp;utm_source=enterprise&quot;,&quot;namespace&quot;:{&quot;action&quot;:&quot;click&quot;,&quot;app&quot;:&quot;front_page&quot;,&quot;component&quot;:&quot;seo_directory_link&quot;,&quot;page&quot;:&quot;front_page_story&quot;},&quot;schema_type&quot;:&quot;FRONTEND&quot;}" data-track="true" data-track-app="front_page" data-track-page="front_page_story" data-track-action="click" data-track-component="seo_directory_link" data-track-href="/business?utm_campaign=website&amp;utm_content=corp-to-home-footer-for-enterprise&amp;utm_medium=coursera&amp;utm_source=enterprise" href="/business?utm_campaign=website&amp;utm_content=corp-to-home-footer-for-enterprise&amp;utm_medium=coursera&amp;utm_source=enterprise" to="/business?utm_campaign=website&amp;utm_content=corp-to-home-footer-for-enterprise&amp;utm_medium=coursera&amp;utm_source=enterprise" class="rc-SubFooterSection__content-column-link-text">...</a> is not clickable at point (93, 108). Other element would receive the click: <div class="cds-9 css-1gryyec cds-10 cds-11 cds-grid-item cds-18">...</div>
  (Session info: chrome=137.0.7151.69)
Build info: version: '4.34.0', revision: '707dcb4246*'
System info: os.name: 'Windows 11', os.arch: 'amd64', os.version: '10.0', java.version: '21'
Driver info: org.openqa.selenium.chrome.ChromeDriver
Command: [1ab580bbd488421ab014e0e7a8159316, clickElement {id=f.7487926F4A53C9F99DCD220F45AB23F2.d.513F81DE15551A7142B3E401774ECC6D.e.33}]
Capabilities {acceptInsecureCerts: false, browserName: chrome, browserVersion: 137.0.7151.69, chrome: {chromedriverVersion: 137.0.7151.119 (e0ac9d12dff..., userDataDir: C:\Users\2408293\AppData\Lo...}, fedcm:accounts: true, goog:chromeOptions: {debuggerAddress: localhost:50600}, networkConnectionEnabled: false, pageLoadStrategy: normal, platformName: windows, proxy: Proxy(), se:cdp: ws://localhost:50600/devtoo..., se:cdpVersion: 137.0.7151.69, setWindowRect: true, strictFileInteractability: false, timeouts: {implicit: 0, pageLoad: 300000, script: 30000}, unhandledPromptBehavior: dismiss and notify, webauthn:extension:credBlob: true, webauthn:extension:largeBlob: true, webauthn:extension:minPinLength: true, webauthn:extension:prf: true, webauthn:virtualAuthenticators: true}
Element: [[ChromeDriver: chrome on windows (1ab580bbd488421ab014e0e7a8159316)] -> xpath: //a[contains(text(),'For Enterprise')]]
Session ID: 1ab580bbd488421ab014e0e7a8159316
at java.base/jdk.internal.reflect.DirectConstructorHandleAccessor.newInstance(DirectConstructorHandleAccessor.java:62)
at java.base/java.lang.reflect.Constructor.newInstanceWithCaller(Constructor.java:502)
at java.base/java.lang.reflect.Constructor.newInstance(Constructor.java:486)
at org.openqa.selenium.remote.ErrorCodec.decode(ErrorCodec.java:167)
at org.openqa.selenium.remote.codec.w3c.W3CHttpResponseCodec.decode(W3CHttpResponseCodec.java:138)
at org.openqa.selenium.remote.codec.w3c.W3CHttpResponseCodec.decode(W3CHttpResponseCodec.java:50)
at org.openqa.selenium.remote.HttpCommandExecutor.execute(HttpCommandExecutor.java:215)
at org.openqa.selenium.remote.service.DriverCommandExecutor.invokeExecute(DriverCommandExecutor.java:216)
at org.openqa.selenium.remote.service.DriverCommandExecutor.execute(DriverCommandExecutor.java:174)
at org.openqa.selenium.remote.RemoteWebDriver.execute(RemoteWebDriver.java:544)
at org.openqa.selenium.remote.RemoteWebElement.execute(RemoteWebElement.java:223)
at org.openqa.selenium.remote.RemoteWebElement.click(RemoteWebElement.java:76)
at java.base/jdk.internal.reflect.DirectMethodHandleAccessor.invoke(DirectMethodHandleAccessor.java:103)
at java.base/java.lang.reflect.Method.invoke(Method.java:580)
at org.openqa.selenium.support.pagefactory.internal.LocatingElementHandler.invoke(LocatingElementHandler.java:51)
at jdk.proxy2/jdk.proxy2.$Proxy22.click(Unknown Source)
at com.CTS.Pges.EnterprisePage.scrollAndClickForEnterprise(EnterprisePage.java:78)
at com.Cognizant.cucumber.steps.StepDefinationFile.I_am_on_the_Cousera_org_page_and_I_navigate_to_For_Enterprise_Page(StepDefinationFile.java:73)
at ✽.I am on the Cousera.org page and I navigate to For Enterprise Page(file:///C:/Users/2408293/git/Team_ChatureBhature_IdentifyCourses/IdentifyCourses.Coursera.org/src/test/resources/Feature/Coursera.feature:14)
>>>>>>> bc7ad0f6add879a5930f2ec399fcb1c94175382e
]]>
            </full-stacktrace>
          </exception> <!-- io.cucumber.testng.UndefinedStepException -->
          <reporter-output>
          </reporter-output>
        </test-method> <!-- runScenario -->
<<<<<<< HEAD
        <test-method is-config="true" signature="tearDownClass()[pri:0, instance:com.TestNg.TestNGRunner@682b2fa]" started-at="2025-07-16T15:17:06 IST" name="tearDownClass" finished-at="2025-07-16T15:17:06 IST" duration-ms="6" status="PASS">
=======
        <test-method is-config="true" signature="tearDownClass()[pri:0, instance:com.TestNg.TestNGRunner@1165b38]" started-at="2025-07-16T15:26:01 IST" name="tearDownClass" finished-at="2025-07-16T15:26:01 IST" duration-ms="2" status="PASS">
>>>>>>> bc7ad0f6add879a5930f2ec399fcb1c94175382e
          <reporter-output>
          </reporter-output>
        </test-method> <!-- tearDownClass -->
      </class> <!-- com.TestNg.TestNGRunner -->
    </test> <!-- Default test -->
  </suite> <!-- Default suite -->
</testng-results>
